{"uid":"32694209f14815e4","name":"Check the radio button No","fullName":"Check that radio buttons works correctly: Check the radio button No","historyId":"3d77acda934e06ccb03efa952d447ebc","time":{"start":1666363531858,"stop":1666363542897,"duration":11039},"status":"broken","statusMessage":"selenium.common.exceptions.TimeoutException: Message: \nStacktrace:\nRemoteError@chrome://remote/content/shared/RemoteError.jsm:12:1\nWebDriverError@chrome://remote/content/shared/webdriver/Errors.jsm:192:5\nNoSuchElementError@chrome://remote/content/shared/webdriver/Errors.jsm:404:5\nelement.find/</<@chrome://remote/content/marionette/element.js:291:16\n\n","statusTrace":"  File \"/home/runner/.local/lib/python3.8/site-packages/behave/model.py\", line 1329, in run\n    match.run(runner.context)\n  File \"/home/runner/.local/lib/python3.8/site-packages/behave/matchers.py\", line 98, in run\n    self.func(context, *args, **kwargs)\n  File \"features/steps/test_radiobuttons_page_steps.py\", line 24, in check_result\n    assert result == context.radio_button_page.get_result_text()\n  File \"/home/runner/work/behave_selenium/behave_selenium/pages/radiobutton_page.py\", line 26, in get_result_text\n    return self.element_is_visible(self.RESULT).text\n  File \"/home/runner/work/behave_selenium/behave_selenium/pages/base_page.py\", line 14, in element_is_visible\n    self.go_to_element(self.element_is_present(locator))\n  File \"/home/runner/work/behave_selenium/behave_selenium/pages/base_page.py\", line 21, in element_is_present\n    return Wait(self.driver, timeout).until(EC.presence_of_element_located(locator))\n  File \"/home/runner/.local/lib/python3.8/site-packages/selenium/webdriver/support/wait.py\", line 90, in until\n    raise TimeoutException(message, screen, stacktrace)\n","flaky":false,"newFailed":false,"newBroken":false,"newPassed":false,"retriesCount":0,"retriesStatusChange":false,"beforeStages":[],"testStage":{"status":"broken","statusMessage":"selenium.common.exceptions.TimeoutException: Message: \nStacktrace:\nRemoteError@chrome://remote/content/shared/RemoteError.jsm:12:1\nWebDriverError@chrome://remote/content/shared/webdriver/Errors.jsm:192:5\nNoSuchElementError@chrome://remote/content/shared/webdriver/Errors.jsm:404:5\nelement.find/</<@chrome://remote/content/marionette/element.js:291:16\n\n","statusTrace":"  File \"/home/runner/.local/lib/python3.8/site-packages/behave/model.py\", line 1329, in run\n    match.run(runner.context)\n  File \"/home/runner/.local/lib/python3.8/site-packages/behave/matchers.py\", line 98, in run\n    self.func(context, *args, **kwargs)\n  File \"features/steps/test_radiobuttons_page_steps.py\", line 24, in check_result\n    assert result == context.radio_button_page.get_result_text()\n  File \"/home/runner/work/behave_selenium/behave_selenium/pages/radiobutton_page.py\", line 26, in get_result_text\n    return self.element_is_visible(self.RESULT).text\n  File \"/home/runner/work/behave_selenium/behave_selenium/pages/base_page.py\", line 14, in element_is_visible\n    self.go_to_element(self.element_is_present(locator))\n  File \"/home/runner/work/behave_selenium/behave_selenium/pages/base_page.py\", line 21, in element_is_present\n    return Wait(self.driver, timeout).until(EC.presence_of_element_located(locator))\n  File \"/home/runner/.local/lib/python3.8/site-packages/selenium/webdriver/support/wait.py\", line 90, in until\n    raise TimeoutException(message, screen, stacktrace)\n","steps":[{"name":"Given I open radio button page","time":{"start":1666363531859,"stop":1666363532523,"duration":664},"status":"passed","steps":[],"attachments":[],"parameters":[],"stepsCount":0,"attachmentsCount":0,"shouldDisplayMessage":false,"hasContent":false},{"name":"Given I am on the radio button page","time":{"start":1666363532523,"stop":1666363532532,"duration":9},"status":"passed","steps":[],"attachments":[],"parameters":[],"stepsCount":0,"attachmentsCount":0,"shouldDisplayMessage":false,"hasContent":false},{"name":"When I click radio button \"No\"","time":{"start":1666363532532,"stop":1666363532768,"duration":236},"status":"passed","steps":[],"attachments":[],"parameters":[],"stepsCount":0,"attachmentsCount":0,"shouldDisplayMessage":false,"hasContent":false},{"name":"Then the result is \"You have selected No\"","time":{"start":1666363532769,"stop":1666363542846,"duration":10077},"status":"broken","statusMessage":"selenium.common.exceptions.TimeoutException: Message: \nStacktrace:\nRemoteError@chrome://remote/content/shared/RemoteError.jsm:12:1\nWebDriverError@chrome://remote/content/shared/webdriver/Errors.jsm:192:5\nNoSuchElementError@chrome://remote/content/shared/webdriver/Errors.jsm:404:5\nelement.find/</<@chrome://remote/content/marionette/element.js:291:16\n\n","statusTrace":"  File \"/home/runner/.local/lib/python3.8/site-packages/behave/model.py\", line 1329, in run\n    match.run(runner.context)\n  File \"/home/runner/.local/lib/python3.8/site-packages/behave/matchers.py\", line 98, in run\n    self.func(context, *args, **kwargs)\n  File \"features/steps/test_radiobuttons_page_steps.py\", line 24, in check_result\n    assert result == context.radio_button_page.get_result_text()\n  File \"/home/runner/work/behave_selenium/behave_selenium/pages/radiobutton_page.py\", line 26, in get_result_text\n    return self.element_is_visible(self.RESULT).text\n  File \"/home/runner/work/behave_selenium/behave_selenium/pages/base_page.py\", line 14, in element_is_visible\n    self.go_to_element(self.element_is_present(locator))\n  File \"/home/runner/work/behave_selenium/behave_selenium/pages/base_page.py\", line 21, in element_is_present\n    return Wait(self.driver, timeout).until(EC.presence_of_element_located(locator))\n  File \"/home/runner/.local/lib/python3.8/site-packages/selenium/webdriver/support/wait.py\", line 90, in until\n    raise TimeoutException(message, screen, stacktrace)\n","steps":[],"attachments":[],"parameters":[],"stepsCount":0,"attachmentsCount":0,"shouldDisplayMessage":true,"hasContent":true}],"attachments":[{"uid":"5652af145950bf10","name":"Screenshot 2022-10-21 14:45:42.896113.png","source":"5652af145950bf10.png","type":"image/png","size":177971}],"parameters":[],"stepsCount":4,"attachmentsCount":1,"shouldDisplayMessage":false,"hasContent":true},"afterStages":[],"labels":[{"name":"severity","value":"normal"},{"name":"tag","value":"radio_buttons"},{"name":"feature","value":"Check that radio buttons works correctly"},{"name":"framework","value":"behave"},{"name":"language","value":"cpython3"},{"name":"resultFormat","value":"allure2"}],"parameters":[],"links":[],"hidden":false,"retry":false,"extra":{"severity":"normal","retries":[],"categories":[{"name":"Test defects","matchedStatuses":[],"flaky":false}],"tags":["radio_buttons"]},"source":"32694209f14815e4.json","parameterValues":[]}