{"uid":"eca6e7b1cdd6d25d","name":"test_check_the_radio_button_no","fullName":"steps.test_radiobuttons_page_steps#test_check_the_radio_button_no","historyId":"eecdd3fb14a86f1f0db991fff1adebdd","time":{"start":1666305293882,"stop":1666305310885,"duration":17003},"description":"/home/runner/work/pytest_bdd_selenium/pytest_bdd_selenium/features/radiobuttons.feature: Check the radio button No","descriptionHtml":"<p>/home/runner/work/pytest_bdd_selenium/pytest_bdd_selenium/features/radiobuttons.feature: Check the radio button No</p>\n","status":"broken","statusMessage":"selenium.common.exceptions.TimeoutException: Message: \nStacktrace:\nRemoteError@chrome://remote/content/shared/RemoteError.jsm:12:1\nWebDriverError@chrome://remote/content/shared/webdriver/Errors.jsm:192:5\nNoSuchElementError@chrome://remote/content/shared/webdriver/Errors.jsm:404:5\nelement.find/</<@chrome://remote/content/marionette/element.js:291:16","statusTrace":"request = <FixtureRequest for <Function test_check_the_radio_button_no>>\n_pytest_bdd_example = {}\n\n    @pytest.mark.usefixtures(*func_args)\n    def scenario_wrapper(request: FixtureRequest, _pytest_bdd_example: dict[str, str]) -> Any:\n        scenario = templated_scenario.render(_pytest_bdd_example)\n>       _execute_scenario(feature, scenario, request)\n\n../../../.local/lib/python3.8/site-packages/pytest_bdd/scenario.py:187: \n_ _ _ _ _ _ _ _ _ _ _ _ _ _ _ _ _ _ _ _ _ _ _ _ _ _ _ _ _ _ _ _ _ _ _ _ _ _ _ _ \n../../../.local/lib/python3.8/site-packages/pytest_bdd/scenario.py:157: in _execute_scenario\n    _execute_step_function(request, scenario, step, step_func)\n../../../.local/lib/python3.8/site-packages/pytest_bdd/scenario.py:127: in _execute_step_function\n    return_value = call_fixture_func(fixturefunc=step_func, request=request, kwargs=kwargs)\n../../../.local/lib/python3.8/site-packages/_pytest/fixtures.py:900: in call_fixture_func\n    fixture_result = fixturefunc(**kwargs)\nsteps/test_radiobuttons_page_steps.py:27: in check_result\n    assert result == radio_button_page.get_result_text()\npages/radiobutton_page.py:26: in get_result_text\n    return self.element_is_visible(self.RESULT).text\npages/base_page.py:14: in element_is_visible\n    self.go_to_element(self.element_is_present(locator))\npages/base_page.py:21: in element_is_present\n    return Wait(self.driver, timeout).until(EC.presence_of_element_located(locator))\n_ _ _ _ _ _ _ _ _ _ _ _ _ _ _ _ _ _ _ _ _ _ _ _ _ _ _ _ _ _ _ _ _ _ _ _ _ _ _ _ \n\nself = <selenium.webdriver.support.wait.WebDriverWait (session=\"709b792a-d6d0-477e-be25-e3e67a4979f7\")>\nmethod = <function presence_of_element_located.<locals>._predicate at 0x7fe018b66940>\nmessage = ''\n\n    def until(self, method, message: str = \"\"):\n        \"\"\"Calls the method provided with the driver as an argument until the \\\n        return value does not evaluate to ``False``.\n    \n        :param method: callable(WebDriver)\n        :param message: optional message for :exc:`TimeoutException`\n        :returns: the result of the last call to `method`\n        :raises: :exc:`selenium.common.exceptions.TimeoutException` if timeout occurs\n        \"\"\"\n        screen = None\n        stacktrace = None\n    \n        end_time = time.monotonic() + self._timeout\n        while True:\n            try:\n                value = method(self._driver)\n                if value:\n                    return value\n            except self._ignored_exceptions as exc:\n                screen = getattr(exc, 'screen', None)\n                stacktrace = getattr(exc, 'stacktrace', None)\n            time.sleep(self._poll)\n            if time.monotonic() > end_time:\n                break\n>       raise TimeoutException(message, screen, stacktrace)\nE       selenium.common.exceptions.TimeoutException: Message: \nE       Stacktrace:\nE       RemoteError@chrome://remote/content/shared/RemoteError.jsm:12:1\nE       WebDriverError@chrome://remote/content/shared/webdriver/Errors.jsm:192:5\nE       NoSuchElementError@chrome://remote/content/shared/webdriver/Errors.jsm:404:5\nE       element.find/</<@chrome://remote/content/marionette/element.js:291:16\n\n../../../.local/lib/python3.8/site-packages/selenium/webdriver/support/wait.py:90: TimeoutException","flaky":false,"newFailed":false,"newBroken":false,"newPassed":false,"retriesCount":0,"retriesStatusChange":false,"beforeStages":[{"name":"driver","time":{"start":1666305293882,"stop":1666305295709,"duration":1827},"status":"passed","steps":[],"attachments":[],"parameters":[],"stepsCount":0,"attachmentsCount":0,"shouldDisplayMessage":false,"hasContent":false},{"name":"_pytest_bdd_example","time":{"start":1666305293882,"stop":1666305293882,"duration":0},"status":"passed","steps":[],"attachments":[],"parameters":[],"stepsCount":0,"attachmentsCount":0,"shouldDisplayMessage":false,"hasContent":false},{"name":"pytestbdd_given_I open radio button page","time":{"start":1666305293882,"stop":1666305293882,"duration":0},"status":"passed","steps":[],"attachments":[],"parameters":[],"stepsCount":0,"attachmentsCount":0,"shouldDisplayMessage":false,"hasContent":false},{"name":"pytestbdd_given_I am on the radio button page","time":{"start":1666305300537,"stop":1666305300537,"duration":0},"status":"passed","steps":[],"attachments":[],"parameters":[],"stepsCount":0,"attachmentsCount":0,"shouldDisplayMessage":false,"hasContent":false},{"name":"pytestbdd_when_I click radio button \"{name}\"","time":{"start":1666305300563,"stop":1666305300563,"duration":0},"status":"passed","steps":[],"attachments":[],"parameters":[],"stepsCount":0,"attachmentsCount":0,"shouldDisplayMessage":false,"hasContent":false},{"name":"pytestbdd_then_the result is \"{result}\"","time":{"start":1666305300812,"stop":1666305300812,"duration":0},"status":"passed","steps":[],"attachments":[],"parameters":[],"stepsCount":0,"attachmentsCount":0,"shouldDisplayMessage":false,"hasContent":false}],"testStage":{"description":"/home/runner/work/pytest_bdd_selenium/pytest_bdd_selenium/features/radiobuttons.feature: Check the radio button No","status":"broken","statusMessage":"selenium.common.exceptions.TimeoutException: Message: \nStacktrace:\nRemoteError@chrome://remote/content/shared/RemoteError.jsm:12:1\nWebDriverError@chrome://remote/content/shared/webdriver/Errors.jsm:192:5\nNoSuchElementError@chrome://remote/content/shared/webdriver/Errors.jsm:404:5\nelement.find/</<@chrome://remote/content/marionette/element.js:291:16","statusTrace":"request = <FixtureRequest for <Function test_check_the_radio_button_no>>\n_pytest_bdd_example = {}\n\n    @pytest.mark.usefixtures(*func_args)\n    def scenario_wrapper(request: FixtureRequest, _pytest_bdd_example: dict[str, str]) -> Any:\n        scenario = templated_scenario.render(_pytest_bdd_example)\n>       _execute_scenario(feature, scenario, request)\n\n../../../.local/lib/python3.8/site-packages/pytest_bdd/scenario.py:187: \n_ _ _ _ _ _ _ _ _ _ _ _ _ _ _ _ _ _ _ _ _ _ _ _ _ _ _ _ _ _ _ _ _ _ _ _ _ _ _ _ \n../../../.local/lib/python3.8/site-packages/pytest_bdd/scenario.py:157: in _execute_scenario\n    _execute_step_function(request, scenario, step, step_func)\n../../../.local/lib/python3.8/site-packages/pytest_bdd/scenario.py:127: in _execute_step_function\n    return_value = call_fixture_func(fixturefunc=step_func, request=request, kwargs=kwargs)\n../../../.local/lib/python3.8/site-packages/_pytest/fixtures.py:900: in call_fixture_func\n    fixture_result = fixturefunc(**kwargs)\nsteps/test_radiobuttons_page_steps.py:27: in check_result\n    assert result == radio_button_page.get_result_text()\npages/radiobutton_page.py:26: in get_result_text\n    return self.element_is_visible(self.RESULT).text\npages/base_page.py:14: in element_is_visible\n    self.go_to_element(self.element_is_present(locator))\npages/base_page.py:21: in element_is_present\n    return Wait(self.driver, timeout).until(EC.presence_of_element_located(locator))\n_ _ _ _ _ _ _ _ _ _ _ _ _ _ _ _ _ _ _ _ _ _ _ _ _ _ _ _ _ _ _ _ _ _ _ _ _ _ _ _ \n\nself = <selenium.webdriver.support.wait.WebDriverWait (session=\"709b792a-d6d0-477e-be25-e3e67a4979f7\")>\nmethod = <function presence_of_element_located.<locals>._predicate at 0x7fe018b66940>\nmessage = ''\n\n    def until(self, method, message: str = \"\"):\n        \"\"\"Calls the method provided with the driver as an argument until the \\\n        return value does not evaluate to ``False``.\n    \n        :param method: callable(WebDriver)\n        :param message: optional message for :exc:`TimeoutException`\n        :returns: the result of the last call to `method`\n        :raises: :exc:`selenium.common.exceptions.TimeoutException` if timeout occurs\n        \"\"\"\n        screen = None\n        stacktrace = None\n    \n        end_time = time.monotonic() + self._timeout\n        while True:\n            try:\n                value = method(self._driver)\n                if value:\n                    return value\n            except self._ignored_exceptions as exc:\n                screen = getattr(exc, 'screen', None)\n                stacktrace = getattr(exc, 'stacktrace', None)\n            time.sleep(self._poll)\n            if time.monotonic() > end_time:\n                break\n>       raise TimeoutException(message, screen, stacktrace)\nE       selenium.common.exceptions.TimeoutException: Message: \nE       Stacktrace:\nE       RemoteError@chrome://remote/content/shared/RemoteError.jsm:12:1\nE       WebDriverError@chrome://remote/content/shared/webdriver/Errors.jsm:192:5\nE       NoSuchElementError@chrome://remote/content/shared/webdriver/Errors.jsm:404:5\nE       element.find/</<@chrome://remote/content/marionette/element.js:291:16\n\n../../../.local/lib/python3.8/site-packages/selenium/webdriver/support/wait.py:90: TimeoutException","steps":[],"attachments":[{"uid":"c1db67d7b0295a04","name":"stderr","source":"c1db67d7b0295a04.txt","type":"text/plain","size":131}],"parameters":[],"stepsCount":0,"attachmentsCount":1,"shouldDisplayMessage":true,"hasContent":true},"afterStages":[{"name":"driver::0","time":{"start":1666305310913,"stop":1666305311345,"duration":432},"status":"passed","steps":[],"attachments":[{"uid":"139b83ae27479557","name":"Screenshot 2022-10-20 22:35:10.962010.png","source":"139b83ae27479557.png","type":"image/png","size":337391}],"parameters":[],"stepsCount":0,"attachmentsCount":1,"shouldDisplayMessage":false,"hasContent":true}],"labels":[{"name":"tag","value":"@pytest.mark.usefixtures"},{"name":"tag","value":"radio_buttons"},{"name":"parentSuite","value":"steps"},{"name":"suite","value":"test_radiobuttons_page_steps"},{"name":"host","value":"fv-az372-971"},{"name":"thread","value":"2192-MainThread"},{"name":"framework","value":"pytest"},{"name":"language","value":"cpython3"},{"name":"package","value":"steps.test_radiobuttons_page_steps"},{"name":"resultFormat","value":"allure2"}],"parameters":[],"links":[],"hidden":false,"retry":false,"extra":{"severity":"normal","retries":[],"categories":[{"name":"Test defects","matchedStatuses":[],"flaky":false}],"tags":["radio_buttons","@pytest.mark.usefixtures"]},"source":"eca6e7b1cdd6d25d.json","parameterValues":[]}